11/2/2011 01:19:24.453 [INFO] com.riotgames.platform.common.utils.LogManager RiotApplication: initializing
11/2/2011 01:19:24.453 [DEBUG] com.riotgames.platform.common.utils.LogManager This is a debug message.
11/2/2011 01:19:24.453 [INFO] com.riotgames.platform.common.utils.LogManager This is an info message.
11/2/2011 01:19:24.453 [WARN] com.riotgames.platform.common.utils.LogManager This is a warning message.
11/2/2011 01:19:24.453 [ERROR] com.riotgames.platform.common.utils.LogManager This is an error message.
11/2/2011 01:19:24.453 [FATAL] com.riotgames.platform.common.utils.LogManager This is fatal message.
11/2/2011 01:19:24.453 [INFO] com.riotgames.platform.gameclient.RiotApplication loadLocale: loading resource bundle: /assets/locale/resources-en_US.swf
11/2/2011 01:19:24.687 [WARN] com.riotgames.platform.gameclient.RiotApplication RiotApplication.initializeIME: Disabling IME support since IME conversion mode not specified.
11/2/2011 01:19:24.687 [INFO] LolClient AIR version: 2.5.0.16600 / 16600
11/2/2011 01:19:24.687 [INFO] LolClient Flash version: WIN 10,1,85,3
11/2/2011 01:19:24.687 [INFO] LolClient Shell.onInitialize: Starting the League of Legends Game Client 1.47.11_10_31_14_40
11/2/2011 01:19:24.687 [INFO] LolClient Shell.onInitialize: Configured to connect to League of Legends platform server: [object MultiValueProperty]
11/2/2011 01:19:24.687 [INFO] com.riotgames.platform.common.utils.LogManager Remoting URL: rtmps://beta.lol.riotgames.com:2099
11/2/2011 01:19:24.687 [INFO] com.riotgames.platform.common.utils.LogManager Messsaging channel: my-rtmps
11/2/2011 01:19:24.687 [INFO] com.riotgames.platform.common.utils.LogManager Start Maestro?: Yes
11/2/2011 01:19:24.687 [INFO] com.riotgames.platform.common.utils.LogManager Start Chat?: Yes
11/2/2011 01:19:24.687 [INFO] com.riotgames.platform.common.utils.LogManager XMPP URL: conference.pvp.net
11/2/2011 01:19:24.687 [INFO] com.riotgames.platform.common.utils.LogManager Disconnect Logging?: Yes
11/2/2011 01:19:24.687 [DEBUG] com.riotgames.platform.common.utils.LogManager Memory Snapshot: 16.96 MB (17372 kb)
11/2/2011 01:19:24.734 [DEBUG] LolClient Shell.onInitialize: Loading font module /css/fonts.swf
11/2/2011 01:19:25.000 [DEBUG] com.riotgames.platform.gameclient.RiotApplication RiotApplication.resourceBundleLoaded: Locale en_US supported.
11/2/2011 01:19:25.000 [DEBUG] com.riotgames.platform.gameclient.wordfilter.WordFilter WordFilter.initialize: Initializing for locale en_US
11/2/2011 01:19:25.000 [INFO] com.riotgames.platform.gameclient.wordfilter.WordFilter WordFilter.initialize: Bad word list initialized with 207 words.
11/2/2011 01:19:25.015 [INFO] com.riotgames.platform.gameclient.wordfilter.WordFilter WordFilter.initialize: Restricted word list initialized with 4 words.
11/2/2011 01:19:25.468 [INFO] LolClient initialize: Maestro starting.
11/2/2011 01:19:25.468 [DEBUG] com.riotgames.platform.gameclient.maestro.MaestroController MaestroController.addMessage: message=Listening On Port: 8393

11/2/2011 01:19:25.468 [DEBUG] com.riotgames.platform.gameclient.module.services.maestro.MaestroServiceImpl Maestro.connect: Attempting to connect to Maestro at 127.0.0.1:8393
11/2/2011 01:19:25.468 [INFO] LolClient initialize: Maestro started.
11/2/2011 01:19:25.515 [DEBUG] com.riotgames.platform.gameclient.module.services.maestro.MaestroServiceImpl Maestro.connectHandler: [Event type="connect" bubbles=false cancelable=false eventPhase=2]
11/2/2011 01:19:25.515 [DEBUG] com.riotgames.platform.gameclient.maestro.MaestroController MaestroController.addMessage: message=First heartbeat.

11/2/2011 01:19:29.843 [INFO] com.riotgames.platform.gameclient.module.services.rest.RestAuthServiceImpl Calling RestService POST:https://lq.na.lol.riotgames.com/login-queue/rest/queue/authenticate
11/2/2011 01:19:34.015 [DEBUG] com.riotgames.platform.gameclient.module.login.controller.LoginQueueController Queue success, proceed directly to login LOGIN
11/2/2011 01:19:34.015 [DEBUG] com.riotgames.platform.gameclient.module.login.view.LoginView Starting login process
11/2/2011 01:19:34.015 [INFO] com.riotgames.platform.gameclient.module.login.controller.LoginController login...
11/2/2011 01:19:34.031 [INFO] com.riotgames.platform.gameclient.module.services.rest.RestAuthServiceImpl Calling RestService GET:http://ll.leagueoflegends.com/services/connection_info
11/2/2011 01:19:34.484 [INFO] com.riotgames.platform.gameclient.module.login.controller.LoginController Login with authToken [0774dc90-56dd-42de-ae5c-7082c7965605]
11/2/2011 01:19:34.500 [DEBUG] com.riotgames.platform.gameclient.module.services.RemoteObjectGenerator Creating RTMPS Channel
11/2/2011 01:19:34.500 [DEBUG] com.riotgames.platform.gameclient.module.services.RemoteObjectGenerator Sending message: (mx.messaging.messages::RemotingMessage)#0
  body = (Array)#1
    [0] (com.riotgames.platform.common.domain::AuthenticationCredentials)#2
      authToken = "0774dc90-56dd-42de-ae5c-7082c7965605"
      clientVersion = "1.47.11_10_31_14_40"
      domain = "lolclient.lol.riotgames.com"
      ipAddress = "69.181.66.36"
      locale = "en_US"
      oldPassword = (null)
      partnerCredentials = (null)
      securityAnswer = (null)
  clientId = (null)
  destination = ""
  headers = (Object)#3
    DSRequestTimeout = 60
  messageId = "4BB42030-96D7-61E8-CA2F-635C9FE4769F"
  operation = "login"
  source = (null)
  timestamp = 0
  timeToLive = 0
11/2/2011 01:19:35.281 [DEBUG] com.riotgames.platform.gameclient.module.services.RemoteObjectGenerator ChannelSet Connected: [ChannelEvent channelId="my-rtmps" reconnecting=false rejected=false type="channelConnect" bubbles=false cancelable=false eventPhase=2]
11/2/2011 01:19:35.359 [INFO] com.riotgames.platform.gameclient.module.login.controller.LoginController handleLoginSuccess...
11/2/2011 01:19:35.359 [INFO] ChannelSet.AuthenticationAgent '14D4FBA7-424F-8E0E-82F7-635CA33F4F14' authentication agent connected.
11/2/2011 01:19:35.421 [INFO] ChannelSet.AuthenticationAgent '14D4FBA7-424F-8E0E-82F7-635CA33F4F14' authentication agent acknowledge of '95D4C2D7-2E9A-C8CA-EA13-635CA33F0E6C'.
11/2/2011 01:19:41.156 [DEBUG] com.riotgames.platform.gameclient.chat.muc.MucCluster enableWatcher
11/2/2011 01:19:41.656 [DEBUG] com.riotgames.platform.gameclient.components.chrome.PersistentNavigator fade out store button
11/2/2011 01:19:41.718 [DEBUG] com.riotgames.gameclient.controllers.lobby.LobbyController LobbyController.initialize: Initializing the LobbyController.
11/2/2011 01:19:41.718 [DEBUG] com.riotgames.platform.gameclient.controllers.summoner.SummonerProfileController SummonerProfileController.initialize: Initializing the SummonerProfileController
11/2/2011 01:19:41.718 [DEBUG] com.riotgames.platform.gameclient.controllers.summoner.RuneBookController RuneBookController.initialize: Initializing the RuneBookController
11/2/2011 01:19:41.718 [DEBUG] com.riotgames.platform.gameclient.controllers.summoner.ChampionSkinController ChampionSkinController.initialize: Initializing the ChampionSkinController
11/2/2011 01:19:41.718 [DEBUG] com.riotgames.platform.gameclient.controllers.game.MasterGameController MasterGameController.initialize: Initializing the MasterGameController.
11/2/2011 01:19:41.718 [DEBUG] com.riotgames.platform.gameclient.controllers.game.practice.JoinGameController JoinGameController.initialize: Initializing the JoinGameController
11/2/2011 01:19:41.718 [DEBUG] com.riotgames.gameclient.controllers.game.MasterGameViewController MasterGameViewController.initialize: Initializing the MasterGameViewController.
11/2/2011 01:19:41.718 [DEBUG] com.riotgames.platform.gameclient.controllers.game.TeamSelectionController TeamSelectionController.initialize: Initializing the TeamSelectionController
11/2/2011 01:19:41.718 [DEBUG] com.riotgames.platform.gameclient.controllers.game.ChampionSelectionController ChampionSelectionController.initialize: Initializing the ChampionSelectionController.
11/2/2011 01:19:41.718 [DEBUG] com.riotgames.platform.gameclient.controllers.game.QueuedGameController QueuedGameController.initialize: Initializing the QueuedGameController
11/2/2011 01:19:41.718 [DEBUG] com.riotgames.platform.gameclient.controllers.game.InGameController InGameController.initialize: Initializing the InGameController
11/2/2011 01:19:41.718 [DEBUG] com.riotgames.platform.gameclient.controllers.game.EndOfGameStatsController EndOfGameStatsController.initialize: Initializing the EndOfGameStatsController
11/2/2011 01:19:41.734 [DEBUG] com.riotgames.gameclient.controllers.lobby.LobbyController LobbyController.activate: Activating the LobbyController.
11/2/2011 01:19:41.734 [DEBUG] com.riotgames.platform.gameclient.ApplicationController Memory Snapshot: 46.85 MB (47972 kb)
11/2/2011 01:19:41.734 [DEBUG] com.riotgames.platform.gameclient.ApplicationController loadSummoner...
11/2/2011 01:19:41.734 [DEBUG] com.riotgames.platform.gameclient.module.services.RemoteObjectGenerator Sending message: (mx.messaging.messages::RemotingMessage)#0
  body = (Array)#1
  clientId = (null)
  destination = "clientFacadeService"
  headers = (Object)#2
    DSEndpoint = "my-rtmps"
    DSId = "759533E7-D448-370C-3774-4EE35858EF04"
    DSRequestTimeout = 60
  messageId = "2393CBD5-0CB2-1D37-08C1-635CBC26419A"
  operation = "getLoginDataPacketForUser"
  source = (null)
  timestamp = 0
  timeToLive = 0
11/2/2011 01:19:41.734 [DEBUG] com.riotgames.platform.gameclient.module.services.RemoteObjectGenerator Sending message: (mx.messaging.messages::RemotingMessage)#0
  body = (Array)#1
  clientId = (null)
  destination = "matchmakerService"
  headers = (Object)#2
    DSEndpoint = "my-rtmps"
    DSId = "759533E7-D448-370C-3774-4EE35858EF04"
    DSRequestTimeout = 60
  messageId = "F229675F-B2BD-C66C-BD2E-635CBC260408"
  operation = "getAvailableQueues"
  source = (null)
  timestamp = 0
  timeToLive = 0
11/2/2011 01:19:41.734 [DEBUG] com.riotgames.platform.gameclient.controllers.summoner.SummonerProfileController SummonerProfileController.deactivate: Deactivating the SummonerProfileController
11/2/2011 01:19:41.734 [DEBUG] com.riotgames.platform.gameclient.controllers.summoner.RuneBookController RuneBookController.deactivate: Deactivating the RuneBookController
11/2/2011 01:19:41.734 [DEBUG] com.riotgames.platform.gameclient.controllers.summoner.ChampionSkinController ChampionSkinController.deactivate: Deactivating the ChampionSkinController
11/2/2011 01:19:41.734 [DEBUG] com.riotgames.platform.gameclient.ApplicationController Memory Snapshot: 47.11 MB (48236 kb)
11/2/2011 01:19:42.390 [DEBUG] com.riotgames.platform.gameclient.ApplicationController ViewMediatorImpl.loadSummonerCatalogHandler: received catalog for summoner.
11/2/2011 01:19:42.406 [DEBUG] com.riotgames.platform.gameclient.ApplicationController handleGetSummonerByAccountId...
11/2/2011 01:19:42.484 [WARN] com.riotgames.gameclient.domain.UserPreferencesManager loadSharedPreferences: error processing property = 
11/2/2011 01:19:42.531 [INFO] com.riotgames.platform.gameclient.ApplicationController Matchmaking enabled by the server? true
11/2/2011 01:19:42.531 [INFO] com.riotgames.platform.gameclient.ApplicationController Max Practice Game Size by Server: 5
11/2/2011 01:19:42.531 [DEBUG] com.riotgames.platform.gameclient.ApplicationController ApplicationController.handleLoginDataPacket: Initiating a request to retrieve active boosts.
11/2/2011 01:19:42.546 [DEBUG] com.riotgames.platform.gameclient.module.services.RemoteObjectGenerator Sending message: (mx.messaging.messages::RemotingMessage)#0
  body = (Array)#1
  clientId = (null)
  destination = "inventoryService"
  headers = (Object)#2
    DSEndpoint = "my-rtmps"
    DSId = "759533E7-D448-370C-3774-4EE35858EF04"
    DSRequestTimeout = 60
  messageId = "95DCE117-83F9-8E95-44FF-635CBF43855E"
  operation = "getSumonerActiveBoosts"
  source = (null)
  timestamp = 0
  timeToLive = 0
11/2/2011 01:19:42.546 [DEBUG] com.riotgames.platform.gameclient.ApplicationController ApplicationController.handleLoginDataPacket: Initiating a request to retrieve the list of available champions.
11/2/2011 01:19:42.546 [INFO] com.riotgames.platform.gameclient.domain.inventory.Inventory Loading user inventory
11/2/2011 01:19:42.546 [DEBUG] com.riotgames.platform.gameclient.module.services.RemoteObjectGenerator Sending message: (mx.messaging.messages::RemotingMessage)#0
  body = (Array)#1
  clientId = (null)
  destination = "inventoryService"
  headers = (Object)#2
    DSEndpoint = "my-rtmps"
    DSId = "759533E7-D448-370C-3774-4EE35858EF04"
    DSRequestTimeout = 60
  messageId = "FC90FEA9-4FF5-949B-0D54-635CBF525D6B"
  operation = "getAvailableChampions"
  source = (null)
  timestamp = 0
  timeToLive = 0
11/2/2011 01:19:42.546 [DEBUG] com.riotgames.platform.gameclient.controllers.summoner.RuneBookController RuneBookController.getRuneInventory: Retrieving the rune inventory for summoner ShaperOfChaos
11/2/2011 01:19:42.546 [DEBUG] com.riotgames.platform.gameclient.module.services.RemoteObjectGenerator Sending message: (mx.messaging.messages::RemotingMessage)#0
  body = (Array)#1
    [0] 24073547
  clientId = (null)
  destination = "summonerRuneService"
  headers = (Object)#2
    DSEndpoint = "my-rtmps"
    DSId = "759533E7-D448-370C-3774-4EE35858EF04"
    DSRequestTimeout = 60
  messageId = "4D1CFFB4-9AAD-19BE-B602-635CBF52E2A6"
  operation = "getSummonerRuneInventory"
  source = (null)
  timestamp = 0
  timeToLive = 0
11/2/2011 01:19:42.562 [INFO] com.riotgames.platform.gameclient.domain.inventory.Inventory Finished loading user inventory
11/2/2011 01:19:42.578 [DEBUG] com.riotgames.platform.gameclient.chat.PresenceController PresenceController.sendGroupChatPresenceUpdate Updating all chat rooms with presence information.
11/2/2011 01:19:42.578 [DEBUG] com.riotgames.platform.gameclient.chat.PresenceController PresenceController.sendGroupChatPresenceUpdate Updating all chat rooms with presence information.
11/2/2011 01:19:42.578 [DEBUG] com.riotgames.platform.gameclient.ApplicationController ApplicationController.updateClientSystemStates: Game maps updated. Total 4 game maps.
11/2/2011 01:19:42.593 [DEBUG] com.riotgames.platform.gameclient.components.chrome.PersistentNavigator fade in store button
11/2/2011 01:19:42.593 [DEBUG] com.riotgames.platform.gameclient.module.services.RemoteObjectGenerator Sending message: (mx.messaging.messages::RemotingMessage)#0
  body = (Array)#1
  clientId = (null)
  destination = "matchmakerService"
  headers = (Object)#2
    DSEndpoint = "my-rtmps"
    DSId = "759533E7-D448-370C-3774-4EE35858EF04"
    DSRequestTimeout = 60
  messageId = "FC8D4259-0CD9-A435-D96D-635CBF813AA0"
  operation = "getAvailableQueues"
  source = (null)
  timestamp = 0
  timeToLive = 0
11/2/2011 01:19:42.593 [INFO] com.riotgames.platform.gameclient.ApplicationController setting the heartbeat interval to 180 and starting heartbeats
11/2/2011 01:19:42.625 [DEBUG] com.riotgames.platform.gameclient.module.services.RemoteObjectGenerator Sending message: (mx.messaging.messages::RemotingMessage)#0
  body = (Array)#1
    [0] 38318437
    [1] "d51542a7-5f88-4389-94f6-efb6a82d5957"
    [2] 1
    [3] "Wed Nov 2 2011 01:19:42 GMT-0700"
  clientId = (null)
  destination = "loginService"
  headers = (Object)#2
    DSEndpoint = "my-rtmps"
    DSId = "759533E7-D448-370C-3774-4EE35858EF04"
    DSRequestTimeout = 60
  messageId = "C77306FB-8568-CEA9-0DB8-635CBFA182F7"
  operation = "performLCDSHeartBeat"
  source = (null)
  timestamp = 0
  timeToLive = 0
11/2/2011 01:19:42.625 [DEBUG] com.riotgames.platform.gameclient.summoner.masteries.LocalMasteriesController repairing local mastery pages
11/2/2011 01:19:42.687 [DEBUG] com.riotgames.platform.gameclient.module.services.lcds.ChatServiceImpl setupConnectionEventListeners...
11/2/2011 01:19:42.687 [DEBUG] com.riotgames.platform.gameclient.module.services.lcds.ChatServiceImpl setCurrentState: changing state to [stateLoggingIn]
11/2/2011 01:19:42.687 [DEBUG] com.riotgames.platform.gameclient.module.services.lcds.ChatServiceImpl connect: connecting to XMPP server: shaperofchaos@chat.na.lol.riotgames.com:5223/xiff is stateLoggingIn
11/2/2011 01:19:42.734 [DEBUG] com.riotgames.platform.gameclient.domain.inventory.Inventory MasterGameController.onRetrieveAvailableChampionsSuccess: Retrieved 86 available champions.
11/2/2011 01:19:42.750 [DEBUG] com.riotgames.platform.gameclient.domain.inventory.Inventory Inventory.updateFreeToPlayChampions setting the following champion to free to play: 3,8,21,23,24,27,37,41,90,104
11/2/2011 01:19:42.750 [INFO] com.riotgames.platform.gameclient.domain.inventory.Inventory FINISHED RETRIEVING CHAMPIONS
11/2/2011 01:19:42.750 [INFO] com.riotgames.platform.gameclient.controllers.summoner.RuneBookController Runebook inventory retrieved: [object SummonerRuneInventory]
11/2/2011 01:19:42.765 [DEBUG] com.riotgames.platform.gameclient.controllers.summoner.RuneBookController Setting Rune Inventory, disabling maestro check
11/2/2011 01:19:42.765 [DEBUG] com.riotgames.platform.gameclient.controllers.summoner.RuneBookController RuneBookController.onSummonerRuneInventoryRetrieved: Rune inventory for summoner ShaperOfChaos retrieved.
11/2/2011 01:19:42.765 [INFO] com.riotgames.platform.gameclient.controllers.summoner.RuneBookController Runebook inventory retrieved FINISHED
11/2/2011 01:19:42.781 [DEBUG] com.riotgames.platform.gameclient.ApplicationController Performing system garbage collection (Pass 1 of 2)...
11/2/2011 01:19:42.968 [DEBUG] com.riotgames.platform.gameclient.module.services.lcds.ChatServiceImpl connection_outgoingDataHandler: data=<?xml version="1.0"?><stream:stream to="pvp.net" xmlns="jabber:client" xmlns:stream="http://etherx.jabber.org/streams" version="1.0">
11/2/2011 01:19:42.968 [DEBUG] com.riotgames.platform.gameclient.module.services.lcds.ChatServiceImpl connection_connectSuccessHandler: connected to XMPP server: shaperofchaos@chat.na.lol.riotgames.com:5223/xiff is stateLoggingIn
11/2/2011 01:19:42.968 [DEBUG] com.riotgames.platform.gameclient.ApplicationController Performing system garbage collection (Pass 1 of 2)...
11/2/2011 01:19:43.562 [DEBUG] com.riotgames.platform.gameclient.ApplicationController Performing system garbage collection (Pass 2 of 2)...
11/2/2011 01:19:45.140 [DEBUG] com.riotgames.platform.gameclient.module.services.lcds.ChatServiceImpl connection_outgoingDataHandler: data=confidential
11/2/2011 01:19:45.359 [DEBUG] com.riotgames.platform.gameclient.module.services.lcds.ChatServiceImpl connection_outgoingDataHandler: data=<?xml version="1.0"?><stream:stream to="pvp.net" xmlns="jabber:client" xmlns:stream="http://etherx.jabber.org/streams" version="1.0">
11/2/2011 01:19:45.406 [DEBUG] com.riotgames.platform.gameclient.module.services.lcds.ChatServiceImpl connection_outgoingDataHandler: data=<iq id="iq_1" type="set"><bind xmlns="urn:ietf:params:xml:ns:xmpp-bind"><resource>xiff</resource></bind></iq>
11/2/2011 01:19:45.437 [DEBUG] com.riotgames.platform.gameclient.module.services.lcds.ChatServiceImpl connection_outgoingDataHandler: data=<iq id="iq_3" type="set"><session xmlns="urn:ietf:params:xml:ns:xmpp-session" /></iq>
11/2/2011 01:19:45.484 [DEBUG] com.riotgames.platform.gameclient.controllers.chat.PrivacyListController PrivacyListController.getDefaultPrivacyList: Requesting the default privacy list
11/2/2011 01:19:45.484 [DEBUG] com.riotgames.platform.gameclient.module.services.lcds.ChatServiceImpl connection_outgoingDataHandler: data=<iq to="pvp.net" id="privacy_5" type="get"><query xmlns="jabber:iq:privacy" /></iq>
11/2/2011 01:19:45.687 [DEBUG] com.riotgames.platform.gameclient.module.services.lcds.ChatServiceImpl connection_outgoingDataHandler: data=<presence to="pu~bed9d93e040dbc21aae86d13f43929e9f650c1d8@conference.pvp.net/ShaperOfChaos"><priority>0</priority><x xmlns="http://jabber.org/protocol/muc" /></presence>
11/2/2011 01:19:45.687 [DEBUG] com.riotgames.platform.gameclient.module.services.lcds.ChatServiceImpl connection_outgoingDataHandler: data=<iq id="roster_6" type="get"><query xmlns="jabber:iq:roster" /></iq>
11/2/2011 01:19:45.703 [DEBUG] com.riotgames.platform.gameclient.module.services.lcds.ChatServiceImpl connection_outgoingDataHandler: data=<presence><status>Online</status><priority>5</priority></presence>
11/2/2011 01:19:45.703 [DEBUG] com.riotgames.platform.gameclient.module.services.lcds.ChatServiceImpl login successful
11/2/2011 01:19:45.703 [DEBUG] com.riotgames.platform.gameclient.module.services.lcds.ChatServiceImpl setCurrentState: changing state to [stateConnected]
11/2/2011 01:19:45.703 [DEBUG] com.riotgames.platform.gameclient.controllers.chat.PrivacyListController PrivacyListController.onAllPrivacyListsRetrieved: Retrieved list of all privacy lists.
11/2/2011 01:19:45.703 [DEBUG] com.riotgames.platform.gameclient.controllers.chat.PrivacyListController PrivacyListController.onAllPrivacyListsRetrieved: Privacy list LOL found.
11/2/2011 01:19:45.703 [DEBUG] com.riotgames.platform.gameclient.controllers.chat.PrivacyListController PrivacyListController.getPrivacyList: Requesting privacy list LOL details
11/2/2011 01:19:45.703 [DEBUG] com.riotgames.platform.gameclient.module.services.lcds.ChatServiceImpl connection_outgoingDataHandler: data=<iq to="pvp.net" id="privacy_8" type="get"><query xmlns="jabber:iq:privacy"><list name="LOL" /></query></iq>
11/2/2011 01:19:46.140 [DEBUG] com.riotgames.platform.gameclient.module.services.lcds.ChatServiceImpl connection_outgoingDataHandler: data=<presence><show>chat</show><status>&lt;body&gt;&lt;gameStatus&gt;outOfGame&lt;/gameStatus&gt;&lt;profileIcon&gt;26&lt;/profileIcon&gt;&lt;level&gt;30&lt;/level&gt;&lt;wins&gt;214&lt;/wins&gt;&lt;leaves&gt;0&lt;/leaves&gt;&lt;queueType /&gt;&lt;rankedWins&gt;0&lt;/rankedWins&gt;&lt;rankedLosses&gt;0&lt;/rankedLosses&gt;&lt;rankedRating&gt;0&lt;/rankedRating&gt;&lt;tier&gt;UNRANKED&lt;/tier&gt;&lt;statusMsg /&gt;&lt;/body&gt;</status><priority>0</priority></presence>
11/2/2011 01:19:46.140 [DEBUG] com.riotgames.platform.gameclient.chat.PresenceController PresenceController.sendGroupChatPresenceUpdate Updating all chat rooms with presence information.
11/2/2011 01:19:46.140 [DEBUG] com.riotgames.platform.gameclient.module.services.lcds.ChatServiceImpl connection_outgoingDataHandler: data=<presence to="pu~bed9d93e040dbc21aae86d13f43929e9f650c1d8@conference.pvp.net/ShaperOfChaos"><show>chat</show><status>&lt;body&gt;&lt;gameStatus&gt;outOfGame&lt;/gameStatus&gt;&lt;profileIcon&gt;26&lt;/profileIcon&gt;&lt;level&gt;30&lt;/level&gt;&lt;wins&gt;214&lt;/wins&gt;&lt;leaves&gt;0&lt;/leaves&gt;&lt;queueType /&gt;&lt;rankedWins&gt;0&lt;/rankedWins&gt;&lt;rankedLosses&gt;0&lt;/rankedLosses&gt;&lt;rankedRating&gt;0&lt;/rankedRating&gt;&lt;tier&gt;UNRANKED&lt;/tier&gt;&lt;statusMsg /&gt;&lt;/body&gt;</status><priority>0</priority></presence>
11/2/2011 01:19:47.484 [DEBUG] com.riotgames.platform.gameclient.controllers.chat.PrivacyListController PrivacyListController.onPrivacyListRetrieved: Retrieved default privacy list.
11/2/2011 01:19:47.484 [DEBUG] com.riotgames.platform.gameclient.controllers.chat.PrivacyListController PrivacyListController.retrieveSummonerNames: Retrieving summoner names for privacy list items
11/2/2011 01:19:47.500 [DEBUG] com.riotgames.platform.gameclient.module.services.RemoteObjectGenerator Sending message: (mx.messaging.messages::RemotingMessage)#0
  body = (Array)#1
    [0] (Array)#2
      [0] 23213789
      [1] 23959332
      [2] 23884284
      [3] 23530951
      [4] 21649572
      [5] 20870460
      [6] 19883040
      [7] 103206
      [8] 99771
      [9] 20113498
      [10] 25074608
      [11] 19435756
      [12] 21445033
      [13] 22334269
      [14] 20487930
      [15] 85226
      [16] 23788743
      [17] 25335606
  clientId = (null)
  destination = "summonerService"
  headers = (Object)#3
    DSEndpoint = "my-rtmps"
    DSId = "759533E7-D448-370C-3774-4EE35858EF04"
    DSRequestTimeout = 60
  messageId = "1F64C487-56F6-FEA1-6919-635CD2AC7B5B"
  operation = "getSummonerNames"
  source = (null)
  timestamp = 0
  timeToLive = 0
11/2/2011 01:19:47.578 [DEBUG] com.riotgames.platform.gameclient.controllers.chat.PrivacyListController PrivacyListController.onSummonerNamesRetrieved: Retrieved 18 summoner names for the privacy list.
11/2/2011 01:19:47.578 [DEBUG] com.riotgames.platform.gameclient.module.services.lcds.ChatServiceImpl connection_outgoingDataHandler: data=<iq to="pu~bed9d93e040dbc21aae86d13f43929e9f650c1d8@conference.pvp.net" id="iq_12" type="set"><query xmlns="http://jabber.org/protocol/muc#owner"><x xmlns="jabber:x:data" type="submit" /></query></iq>
11/2/2011 01:19:47.593 [DEBUG] com.riotgames.platform.gameclient.module.services.lcds.ChatServiceImpl connection_outgoingDataHandler: data=<presence><show>chat</show><status>&lt;body&gt;&lt;gameStatus&gt;outOfGame&lt;/gameStatus&gt;&lt;profileIcon&gt;26&lt;/profileIcon&gt;&lt;level&gt;30&lt;/level&gt;&lt;wins&gt;214&lt;/wins&gt;&lt;leaves&gt;0&lt;/leaves&gt;&lt;queueType /&gt;&lt;rankedWins&gt;0&lt;/rankedWins&gt;&lt;rankedLosses&gt;0&lt;/rankedLosses&gt;&lt;rankedRating&gt;0&lt;/rankedRating&gt;&lt;tier&gt;UNRANKED&lt;/tier&gt;&lt;statusMsg /&gt;&lt;/body&gt;</status><priority>0</priority></presence>
11/2/2011 01:19:47.593 [DEBUG] com.riotgames.platform.gameclient.chat.PresenceController PresenceController.sendGroupChatPresenceUpdate Updating all chat rooms with presence information.
11/2/2011 01:19:47.593 [DEBUG] com.riotgames.platform.gameclient.module.services.lcds.ChatServiceImpl connection_outgoingDataHandler: data=<presence to="pu~bed9d93e040dbc21aae86d13f43929e9f650c1d8@conference.pvp.net/ShaperOfChaos"><show>chat</show><status>&lt;body&gt;&lt;gameStatus&gt;outOfGame&lt;/gameStatus&gt;&lt;profileIcon&gt;26&lt;/profileIcon&gt;&lt;level&gt;30&lt;/level&gt;&lt;wins&gt;214&lt;/wins&gt;&lt;leaves&gt;0&lt;/leaves&gt;&lt;queueType /&gt;&lt;rankedWins&gt;0&lt;/rankedWins&gt;&lt;rankedLosses&gt;0&lt;/rankedLosses&gt;&lt;rankedRating&gt;0&lt;/rankedRating&gt;&lt;tier&gt;UNRANKED&lt;/tier&gt;&lt;statusMsg /&gt;&lt;/body&gt;</status><priority>0</priority></presence>
11/2/2011 01:19:47.718 [DEBUG] com.riotgames.platform.gameclient.chat.ChatController Received error from chat server: forbidden
11/2/2011 01:19:47.718 [ERROR] com.riotgames.platform.gameclient.module.services.lcds.ChatServiceImpl connection_onErrorHandler: errorCode[403]
11/2/2011 01:19:47.718 [DEBUG] com.riotgames.platform.gameclient.module.services.lcds.ChatServiceImpl connection_onErrorHandler: Received unhandled error code [403]
11/2/2011 01:19:47.750 [DEBUG] com.riotgames.platform.gameclient.controllers.summoner.SummonerProfileController SummonerProfileController.activate: Activating the SummonerProfileController
11/2/2011 01:19:47.750 [DEBUG] com.riotgames.platform.gameclient.controllers.summoner.ChampionSkinController ChampionSkinController.activate: Activating the ChampionSkinController
11/2/2011 01:19:47.750 [DEBUG] com.riotgames.platform.gameclient.ApplicationController Memory Snapshot: 63.4 MB (64920 kb)
11/2/2011 01:19:48.250 [DEBUG] com.riotgames.platform.gameclient.controllers.summoner.SummonerProfileController SummonerProfileController.refreshSummonerData: Refreshing summoner data.
11/2/2011 01:19:48.250 [DEBUG] com.riotgames.platform.gameclient.module.services.RemoteObjectGenerator Sending message: (mx.messaging.messages::RemotingMessage)#0
  body = (Array)#1
    [0] 38318437
  clientId = (null)
  destination = "summonerService"
  headers = (Object)#2
    DSEndpoint = "my-rtmps"
    DSId = "759533E7-D448-370C-3774-4EE35858EF04"
    DSRequestTimeout = 60
  messageId = "C0DE6F16-A288-938D-0D87-635CD59AF149"
  operation = "getAllSummonerDataByAccount"
  source = (null)
  timestamp = 0
  timeToLive = 0
11/2/2011 01:19:48.453 [DEBUG] com.riotgames.platform.gameclient.ApplicationController Performing system garbage collection (Pass 1 of 2)...
11/2/2011 01:19:48.453 [DEBUG] com.riotgames.platform.gameclient.chat.service.ChatRoom updateBufferedMessages...
11/2/2011 01:19:48.828 [DEBUG] com.riotgames.platform.gameclient.controllers.summoner.SummonerProfileController SummonerProfileController.onAllSummonerDataRetrieved: Summoner data retrieved
11/2/2011 01:19:48.859 [DEBUG] com.riotgames.platform.gameclient.ApplicationController Performing system garbage collection (Pass 1 of 2)...
11/2/2011 01:19:49.203 [DEBUG] com.riotgames.platform.gameclient.module.services.RemoteObjectGenerator Sending message: (mx.messaging.messages::RemotingMessage)#0
  body = (Array)#1
    [0] 38318437
    [1] "CURRENT"
  clientId = (null)
  destination = "playerStatsService"
  headers = (Object)#2
    DSEndpoint = "my-rtmps"
    DSId = "759533E7-D448-370C-3774-4EE35858EF04"
    DSRequestTimeout = 60
  messageId = "B4858EA8-231B-ADC8-668A-635CD95336DA"
  operation = "retrievePlayerStatsByAccountId"
  source = (null)
  timestamp = 0
  timeToLive = 0
11/2/2011 01:19:49.203 [DEBUG] com.riotgames.platform.gameclient.module.services.RemoteObjectGenerator Sending message: (mx.messaging.messages::RemotingMessage)#0
  body = (Array)#1
    [0] 38318437
    [1] "CLASSIC"
  clientId = (null)
  destination = "playerStatsService"
  headers = (Object)#2
    DSEndpoint = "my-rtmps"
    DSId = "759533E7-D448-370C-3774-4EE35858EF04"
    DSRequestTimeout = 60
  messageId = "A0C9C281-2CD5-F1E3-D983-635CD953360A"
  operation = "retrieveTopPlayedChampions"
  source = (null)
  timestamp = 0
  timeToLive = 0
11/2/2011 01:19:49.203 [DEBUG] com.riotgames.platform.gameclient.ApplicationController Performing system garbage collection (Pass 2 of 2)...
11/2/2011 01:19:49.437 [DEBUG] com.riotgames.platform.gameclient.controllers.summoner.SummonerProfileController Stats Retrieved
11/2/2011 01:19:49.437 [DEBUG] com.riotgames.platform.gameclient.controllers.summoner.SummonerProfileController User lifetime stats: userId=38318437:gameStatistics=null
11/2/2011 01:19:49.671 [DEBUG] com.riotgames.platform.gameclient.chat.controls.GroupChatWindow initializeHandler...
11/2/2011 01:19:49.687 [INFO] com.riotgames.platform.gameclient.chat.views.chatpanel.CoreChatTextArea Attempted to create a timer when the room was active
11/2/2011 01:19:49.921 [DEBUG] com.riotgames.platform.gameclient.chat.views.chatpanel.CoreChatTextArea scrollChatDisplayToBottom...
11/2/2011 01:19:49.968 [DEBUG] com.riotgames.platform.gameclient.chat.views.chatpanel.CoreChatTextArea scrollChatDisplayToBottom...
11/2/2011 01:19:50.031 [DEBUG] com.riotgames.platform.gameclient.module.services.lcds.ChatServiceImpl connection_outgoingDataHandler: data=<iq to="pu~bed9d93e040dbc21aae86d13f43929e9f650c1d8@conference.pvp.net" id="disco_info_14" type="get"><query xmlns="http://jabber.org/protocol/disco#info" /></iq>
11/2/2011 01:19:50.296 [DEBUG] com.riotgames.platform.gameclient.module.services.maestro.MaestroServiceImpl Maestro.messageReceived: Maestro heartbeat received.
11/2/2011 01:19:50.468 [DEBUG] com.riotgames.platform.gameclient.module.services.maestro.MaestroServiceImpl Maestro.sendHeartbeat
11/2/2011 01:19:53.296 [DEBUG] com.riotgames.platform.gameclient.module.services.RemoteObjectGenerator Sending message: (mx.messaging.messages::RemotingMessage)#0
  body = (Array)#1
    [0] 38318437
  clientId = (null)
  destination = "playerStatsService"
  headers = (Object)#2
    DSEndpoint = "my-rtmps"
    DSId = "759533E7-D448-370C-3774-4EE35858EF04"
    DSRequestTimeout = 60
  messageId = "E88845AA-2D9A-2EB4-310A-635CE931CA26"
  operation = "getRecentGames"
  source = (null)
  timestamp = 0
  timeToLive = 0
11/2/2011 01:19:53.359 [DEBUG] com.riotgames.platform.gameclient.ApplicationController Performing system garbage collection (Pass 1 of 2)...
11/2/2011 01:19:53.625 [DEBUG] com.riotgames.platform.gameclient.controllers.summoner.SummonerProfileController Recent Games Retrieved
11/2/2011 01:19:53.625 [DEBUG] com.riotgames.platform.gameclient.controllers.summoner.SummonerProfileController Recent games: userId=38318437:gameStatistics count=10
11/2/2011 01:19:53.640 [DEBUG] com.riotgames.platform.gameclient.ApplicationController Performing system garbage collection (Pass 1 of 2)...
11/2/2011 01:19:54.187 [DEBUG] com.riotgames.platform.gameclient.ApplicationController Performing system garbage collection (Pass 2 of 2)...
11/2/2011 01:20:15.281 [DEBUG] com.riotgames.platform.gameclient.module.services.maestro.MaestroServiceImpl Maestro.messageReceived: Maestro heartbeat received.
11/2/2011 01:20:15.484 [DEBUG] com.riotgames.platform.gameclient.module.services.maestro.MaestroServiceImpl Maestro.sendHeartbeat
11/2/2011 01:20:40.281 [DEBUG] com.riotgames.platform.gameclient.module.services.maestro.MaestroServiceImpl Maestro.messageReceived: Maestro heartbeat received.
11/2/2011 01:20:40.515 [DEBUG] com.riotgames.platform.gameclient.module.services.maestro.MaestroServiceImpl Maestro.sendHeartbeat
11/2/2011 01:20:45.921 [DEBUG] com.riotgames.gameclient.controllers.lobby.LobbyController LobbyController.deactivate: Deactivating the LobbyController.
11/2/2011 01:20:45.921 [DEBUG] com.riotgames.platform.gameclient.chat.ChatController logout...
11/2/2011 01:20:45.921 [DEBUG] com.riotgames.gameclient.controllers.game.InviteController setInviteGroupCancel...
11/2/2011 01:20:45.921 [DEBUG] com.riotgames.platform.gameclient.module.services.lcds.ChatServiceImpl connection_outgoingDataHandler: data=<presence to="pu~bed9d93e040dbc21aae86d13f43929e9f650c1d8@conference.pvp.net/ShaperOfChaos" type="unavailable"><priority>0</priority></presence>
11/2/2011 01:20:45.937 [DEBUG] com.riotgames.platform.gameclient.module.services.lcds.ChatServiceImpl setCurrentState: changing state to [stateLoggingOut]
11/2/2011 01:20:45.937 [DEBUG] com.riotgames.platform.gameclient.module.services.lcds.ChatServiceImpl disconnect: disconnecting from XMPP server: sum24073547@chat.na.lol.riotgames.com:5223/xiff is stateLoggingOut
11/2/2011 01:20:45.937 [DEBUG] com.riotgames.platform.gameclient.module.services.lcds.ChatServiceImpl connection_outgoingDataHandler: data=</stream:stream>
11/2/2011 01:20:45.937 [DEBUG] com.riotgames.platform.gameclient.module.services.lcds.ChatServiceImpl connection_disconnectHandler: received DisconnectionEvent: sum24073547@chat.na.lol.riotgames.com:5223/xiff is stateLoggingOut
11/2/2011 01:20:45.937 [DEBUG] com.riotgames.platform.gameclient.module.services.lcds.ChatServiceImpl setCurrentState: changing state to [stateDisconnected]
11/2/2011 01:20:45.937 [DEBUG] com.riotgames.platform.gameclient.module.services.lcds.ChatServiceImpl attemptReconnection: removeConnectionEventListeners=0
11/2/2011 01:20:45.937 [DEBUG] com.riotgames.platform.gameclient.module.services.lcds.ChatServiceImpl removeKeepAliveTimer...
11/2/2011 01:20:45.937 [DEBUG] com.riotgames.platform.gameclient.module.services.lcds.ChatServiceImpl connection_disconnectHandler: successful disconnection from XMPP server: sum24073547@chat.na.lol.riotgames.com:5223/xiff is stateDisconnected
11/2/2011 01:20:45.937 [DEBUG] com.riotgames.platform.gameclient.chat.service.ChatRoom ChatRoom.conn_disconnectHandler...
11/2/2011 01:20:45.937 [DEBUG] com.riotgames.platform.gameclient.chat.service.ChatRoom ChatRoom.conn_disconnectHandler...
11/2/2011 01:20:45.937 [DEBUG] com.riotgames.gameclient.controllers.lobby.LobbyController LobbyController.cleanup: Cleaning up the LobbyController.
11/2/2011 01:20:45.937 [DEBUG] com.riotgames.platform.gameclient.controllers.summoner.SummonerProfileController SummonerProfileController.deactivate: Deactivating the SummonerProfileController
11/2/2011 01:20:45.937 [DEBUG] com.riotgames.platform.gameclient.controllers.summoner.RuneBookController RuneBookController.deactivate: Deactivating the RuneBookController
11/2/2011 01:20:45.937 [DEBUG] com.riotgames.platform.gameclient.controllers.summoner.ChampionSkinController ChampionSkinController.deactivate: Deactivating the ChampionSkinController
11/2/2011 01:20:45.937 [DEBUG] com.riotgames.platform.gameclient.controllers.summoner.SummonerProfileController SummonerProfileController.cleanup: Cleaning up the SummonerProfileController
11/2/2011 01:20:45.937 [DEBUG] com.riotgames.platform.gameclient.controllers.summoner.RuneBookController RuneBookController.cleanup: Cleaning up the RuneBookController
11/2/2011 01:20:45.937 [DEBUG] com.riotgames.platform.gameclient.controllers.summoner.ChampionSkinController ChampionSkinController.cleanup: Cleaning up the ChampionSkinController
11/2/2011 01:20:45.937 [DEBUG] com.riotgames.platform.gameclient.controllers.game.MasterGameController MasterGameController.cleanup: Cleaning up the MasterGameController.
11/2/2011 01:20:45.953 [DEBUG] com.riotgames.platform.gameclient.controllers.game.MasterGameController MasterGameController.cleanupCycle: Cleaning up the MasterGameController after a game cycle.
11/2/2011 01:20:45.953 [DEBUG] com.riotgames.platform.gameclient.controllers.game.practice.JoinGameController JoinGameController.cleanupCycle: Cleaning up the JoinGameController after a game cycle.
11/2/2011 01:20:45.953 [DEBUG] com.riotgames.gameclient.controllers.game.MasterGameViewController MasterGameViewController.cleanupCycle: Cleaning up the MasterGameViewController after a game cycle.
11/2/2011 01:20:45.953 [DEBUG] com.riotgames.gameclient.controllers.game.InviteController setInviteGroupCancel...
11/2/2011 01:20:45.953 [DEBUG] com.riotgames.gameclient.domain.game.GameQueueManager cleanupTimer...
11/2/2011 01:20:45.953 [DEBUG] com.riotgames.gameclient.controllers.game.MasterGameViewController leaveChatRoom
11/2/2011 01:20:45.953 [DEBUG] com.riotgames.platform.gameclient.controllers.game.TeamSelectionController TeamSelectionController.cleanupCycle: Cleaning up the TeamSelectionController after a game cycle.
11/2/2011 01:20:45.953 [DEBUG] com.riotgames.platform.gameclient.controllers.game.ChampionSelectionController ChampionSelectionController.cleanupCycle: Cleaning up the ChampionSelectionController after a game cycle.
11/2/2011 01:20:45.953 [DEBUG] com.riotgames.platform.gameclient.controllers.game.QueuedGameController QueuedGameController.cleanupCycle: Cleaning up the QueuedGameController after a game cycle.
11/2/2011 01:20:45.953 [DEBUG] com.riotgames.platform.gameclient.controllers.game.InGameController InGameController.cleanupCycle: Cleaning up the InGameController after a game cycle.
11/2/2011 01:20:45.953 [DEBUG] com.riotgames.platform.gameclient.controllers.game.EndOfGameStatsController EndOfGameStatsController.cleanupCycle: Cleaning up the EndOfGameStatsController after a game cycle.
11/2/2011 01:20:45.953 [DEBUG] com.riotgames.platform.gameclient.controllers.game.practice.JoinGameController JoinGameController.cleanup: Cleaning up the JoinGameController
11/2/2011 01:20:45.953 [DEBUG] com.riotgames.gameclient.controllers.game.MasterGameViewController MasterGameViewController.cleanup: Cleaning up the MasterGameViewController.
11/2/2011 01:20:45.953 [DEBUG] com.riotgames.platform.gameclient.controllers.game.TeamSelectionController TeamSelectionController.cleanup: Cleaning up the TeamSelectionController
11/2/2011 01:20:45.953 [DEBUG] com.riotgames.platform.gameclient.controllers.game.ChampionSelectionController ChampionSelectionController.cleanup: Cleaning up the ChampionSelectionController.
11/2/2011 01:20:45.953 [DEBUG] com.riotgames.platform.gameclient.controllers.game.QueuedGameController QueuedGameController.cleanup: Cleaning up the QueuedGameController
11/2/2011 01:20:45.953 [DEBUG] com.riotgames.platform.gameclient.controllers.game.InGameController InGameController.cleanup: Cleaning up the InGameController
11/2/2011 01:20:45.953 [DEBUG] com.riotgames.platform.gameclient.controllers.game.EndOfGameStatsController EndOfGameStatsController.cleanup: Cleaning up the EndOfGameStatsController
11/2/2011 01:20:45.953 [INFO] com.riotgames.platform.gameclient.ApplicationController Calling loginService.logout()
11/2/2011 01:20:45.953 [DEBUG] com.riotgames.platform.gameclient.module.services.RemoteObjectGenerator Sending message: (mx.messaging.messages::RemotingMessage)#0
  body = (Array)#1
    [0] "d51542a7-5f88-4389-94f6-efb6a82d5957"
  clientId = (null)
  destination = "loginService"
  headers = (Object)#2
    DSEndpoint = "my-rtmps"
    DSId = "759533E7-D448-370C-3774-4EE35858EF04"
    DSRequestTimeout = 60
  messageId = "D7F108F3-4CCC-2A1C-05BC-635DB70192BA"
  operation = "logout"
  source = (null)
  timestamp = 0
  timeToLive = 0
11/2/2011 01:20:45.968 [DEBUG] com.riotgames.platform.gameclient.ApplicationController Performing system garbage collection (Pass 1 of 2)...
11/2/2011 01:20:46.203 [DEBUG] com.riotgames.platform.gameclient.controllers.summoner.SummonerProfileController SummonerProfileController.deactivate: Deactivating the SummonerProfileController
11/2/2011 01:20:46.203 [DEBUG] com.riotgames.platform.gameclient.controllers.summoner.RuneBookController RuneBookController.deactivate: Deactivating the RuneBookController
11/2/2011 01:20:46.203 [DEBUG] com.riotgames.platform.gameclient.controllers.summoner.ChampionSkinController ChampionSkinController.deactivate: Deactivating the ChampionSkinController
11/2/2011 01:20:46.203 [DEBUG] com.riotgames.platform.gameclient.ApplicationController Memory Snapshot: 71.11 MB (72812 kb)
11/2/2011 01:20:46.328 [WARN] ChannelSet.AuthenticationAgent '14D4FBA7-424F-8E0E-82F7-635CA33F4F14' authentication agent channel disconnected.
11/2/2011 01:20:46.375 [DEBUG] com.riotgames.platform.gameclient.module.services.async.MessageRouterServiceImpl MessageRouter Channel Disconnected: (mx.messaging.events::ChannelEvent)#0
  bubbles = false
  cancelable = false
  channel = (mx.messaging.channels::SecureRTMPChannel)#1
    authenticated = true
    channelSets = (Array)#2
      [0] (mx.messaging::ChannelSet)#3
        authenticated = true
        channelIds = (Array)#4
          [0] "my-rtmps"
        channels = (Array)#5
          [0] (mx.messaging.channels::SecureRTMPChannel)#1
        clustered = false
        connected = true
        currentChannel = (mx.messaging.channels::SecureRTMPChannel)#1
        heartbeatInterval = 0
        initialDestinationId = (null)
        messageAgents = (Array)#6
          [0] (mx.messaging::Consumer)#7
            authenticated = true
            channelSet = (mx.messaging::ChannelSet)#3
            clientId = "cn-38318437"
            connected = true
            destination = "messagingDestination"
            id = "80CA5733-EA79-0215-AB64-635CBC266BE6"
            maxFrequency = 0
            requestTimeout = -1
            resubscribeAttempts = 5
            resubscribeInterval = 5000
            selector = ""
            subscribed = true
            subtopic = "cn-38318437"
            timestamp = 1320221983056
          [1] (mx.messaging::Consumer)#8
            authenticated = true
            channelSet = (mx.messaging::ChannelSet)#3
            clientId = "bc-38318437"
            connected = true
            destination = "messagingDestination"
            id = "AC759C63-95C1-6050-908A-635CBC262F3A"
            maxFrequency = 0
            requestTimeout = -1
            resubscribeAttempts = 5
            resubscribeInterval = 5000
            selector = ""
            subscribed = true
            subtopic = "bc"
            timestamp = 1320221983063
          [2] (mx.rpc::AsyncRequest)#9
            authenticated = true
            autoConnect = true
            channelSet = (mx.messaging::ChannelSet)#3
            clientId = "75957407-D839-4CAD-D4AD-59F913D96B74"
            connected = true
            defaultHeaders = (null)
            destination = "clientFacadeService"
            id = "FA48EEB7-B0AF-B78E-7395-635CBC269CB9"
            priority = -1
            reconnectAttempts = 0
            reconnectInterval = 0
            requestTimeout = 60
            subtopic = ""
          [3] (mx.rpc::AsyncRequest)#10
            authenticated = true
            autoConnect = true
            channelSet = (mx.messaging::ChannelSet)#3
            clientId = "75957470-D32D-651B-F0B8-F5A0658DCB0A"
            connected = true
            defaultHeaders = (null)
            destination = "matchmakerService"
            id = "67654BF4-93A5-7CD1-0AED-635CBC26A7EC"
            priority = -1
            reconnectAttempts = 0
            reconnectInterval = 0
            requestTimeout = 60
            subtopic = ""
          [4] (mx.rpc::AsyncRequest)#11
            authenticated = true
            autoConnect = true
            channelSet = (mx.messaging::ChannelSet)#3
            clientId = "75957BA6-870E-F8A4-BCA7-1D50EE4C6A53"
            connected = true
            defaultHeaders = (null)
            destination = "inventoryService"
            id = "5F08F9D9-D808-4369-6BF5-635CBF431AAF"
            priority = -1
            reconnectAttempts = 0
            reconnectInterval = 0
            requestTimeout = 60
            subtopic = ""
          [5] (mx.rpc::AsyncRequest)#12
            authenticated = true
            autoConnect = true
            channelSet = (mx.messaging::ChannelSet)#3
            clientId = "75957BB2-BC0E-D261-5DC4-A053A1116507"
            connected = true
            defaultHeaders = (null)
            destination = "inventoryService"
            id = "F65AA553-F67F-421D-CE01-635CBF522E0E"
            priority = -1
            reconnectAttempts = 0
            reconnectInterval = 0
            requestTimeout = 60
            subtopic = ""
          [6] (mx.rpc::AsyncRequest)#13
            authenticated = true
            autoConnect = true
            channelSet = (mx.messaging::ChannelSet)#3
            clientId = "75957BD9-CC0F-C420-1D6B-9D60A168E9B0"
            connected = true
            defaultHeaders = (null)
            destination = "summonerRuneService"
            id = "3594EBAB-6602-E679-3176-635CBF524440"
            priority = -1
            reconnectAttempts = 0
            reconnectInterval = 0
            requestTimeout = 60
            subtopic = ""
          [7] (mx.rpc::AsyncRequest)#14
            authenticated = true
            autoConnect = true
            channelSet = (mx.messaging::ChannelSet)#3
            clientId = "75957C31-B02D-C7BF-345F-412F6EC3E3DA"
            connected = true
            defaultHeaders = (null)
            destination = "matchmakerService"
            id = "6B528C24-D1ED-0CE0-B252-635CBF8101AD"
            priority = -1
            reconnectAttempts = 0
            reconnectInterval = 0
            requestTimeout = 60
            subtopic = ""
          [8] (mx.rpc::AsyncRequest)#15
            authenticated = true
            autoConnect = true
            channelSet = (mx.messaging::ChannelSet)#3
            clientId = "75957C84-B20C-3A03-0664-61C00BFD720F"
            connected = true
            defaultHeaders = (null)
            destination = "loginService"
            id = "8DEB6E65-2369-B0BB-7833-635CBFA11169"
            priority = -1
            reconnectAttempts = 0
            reconnectInterval = 0
            requestTimeout = 60
            subtopic = ""
          [9] (mx.rpc::AsyncRequest)#16
            authenticated = true
            autoConnect = true
            channelSet = (mx.messaging::ChannelSet)#3
            clientId = "7595AAF1-7618-F586-F653-CEFE08D6ACD2"
            connected = true
            defaultHeaders = (null)
            destination = "summonerService"
            id = "35F5810E-7280-6218-C346-635CD29C75FA"
            priority = -1
            reconnectAttempts = 0
            reconnectInterval = 0
            requestTimeout = 60
            subtopic = ""
          [10] (mx.rpc::AsyncRequest)#17
            authenticated = true
            autoConnect = true
            channelSet = (mx.messaging::ChannelSet)#3
            clientId = "7595B21A-F508-039D-00AA-878EBCF50981"
            connected = true
            defaultHeaders = (null)
            destination = "summonerService"
            id = "C60371F1-5445-23FC-3400-635CD59AE7C4"
            priority = -1
            reconnectAttempts = 0
            reconnectInterval = 0
            requestTimeout = 60
            subtopic = ""
          [11] (mx.rpc::AsyncRequest)#18
            authenticated = true
            autoConnect = true
            channelSet = (mx.messaging::ChannelSet)#3
            clientId = "7595BB3D-D31B-51F2-D3E3-C2FD91283666"
            connected = true
            defaultHeaders = (null)
            destination = "playerStatsService"
            id = "34E558B4-F545-1906-439D-635CD953A686"
            priority = -1
            reconnectAttempts = 0
            reconnectInterval = 0
            requestTimeout = 60
            subtopic = ""
          [12] (mx.rpc::AsyncRequest)#19
            authenticated = true
            autoConnect = true
            channelSet = (mx.messaging::ChannelSet)#3
            clientId = "7595BB47-970E-2EBB-27C8-B9E7BCD6049D"
            connected = true
            defaultHeaders = (null)
            destination = "playerStatsService"
            id = "BECA6B7C-A0AD-EA67-83CB-635CD9536087"
            priority = -1
            reconnectAttempts = 0
            reconnectInterval = 0
            requestTimeout = 60
            subtopic = ""
          [13] (mx.rpc::AsyncRequest)#20
            authenticated = true
            autoConnect = true
            channelSet = (mx.messaging::ChannelSet)#3
            clientId = "7595E20E-590E-B565-72E8-98461C7AB6A5"
            connected = true
            defaultHeaders = (null)
            destination = "playerStatsService"
            id = "62215489-4E5A-718E-77CC-635CE9310EBB"
            priority = -1
            reconnectAttempts = 0
            reconnectInterval = 0
            requestTimeout = 60
            subtopic = ""
          [14] (mx.rpc::AsyncRequest)#21
            authenticated = true
            autoConnect = true
            channelSet = (mx.messaging::ChannelSet)#3
            clientId = "7597D7BC-8608-EDB2-4E89-C181AC17184E"
            connected = true
            defaultHeaders = (null)
            destination = "loginService"
            id = "67BC3227-C76C-184D-C7EA-635DB701F17A"
            priority = -1
            reconnectAttempts = 0
            reconnectInterval = 0
            requestTimeout = 60
            subtopic = ""
    connected = true
    connectTimeout = -1
    enableSmallMessages = true
    endpoint = "rtmps://beta.lol.riotgames.com:2099"
    failoverURIs = (Array)#22
    id = "my-rtmps"
    mpiEnabled = false
    netConnection = (flash.net::NetConnection)#23
      client = (mx.messaging.channels::SecureRTMPChannel)#1
      connected = true
      connectedProxyType = "none"
      farID = ""
      farNonce = "0000000000000000000000000000000000000000000000000000000000000000"
      maxPeerConnections = 8
      nearID = ""
      nearNonce = "0000000000000000000000000000000000000000000000000000000000000000"
      objectEncoding = 3
      protocol = "rtmp"
      proxyType = "best"
      unconnectedPeerStreams = (Array)#24
      uri = "rtmps://beta.lol.riotgames.com:2099"
      usingTLS = true
    protocol = "rtmps"
    reconnecting = false
    recordMessageSizes = false
    recordMessageTimes = false
    requestTimeout = -1
    uri = "rtmps://beta.lol.riotgames.com:2099"
    url = "rtmps://beta.lol.riotgames.com:2099"
    useSmallMessages = true
  channelId = "my-rtmps"
  connected = false
  currentTarget = (mx.messaging::Consumer)#25
    authenticated = false
    channelSet = (mx.messaging::ChannelSet)#3
    clientId = "gn-38318437"
    connected = false
    destination = "messagingDestination"
    id = "8F87FB33-9DBC-96A1-4ACC-635CBC264727"
    maxFrequency = 0
    requestTimeout = -1
    resubscribeAttempts = 5
    resubscribeInterval = 5000
    selector = ""
    subscribed = false
    subtopic = "gn-38318437"
    timestamp = 1320221983056
  eventPhase = 2
  reconnecting = false
  rejected = false
  target = (mx.messaging::Consumer)#25
  type = "channelDisconnect"
11/2/2011 01:20:46.406 [DEBUG] com.riotgames.platform.gameclient.module.services.async.MessageRouterServiceImpl MessageRouter Channel Disconnected: (mx.messaging.events::ChannelEvent)#0
  bubbles = false
  cancelable = false
  channel = (mx.messaging.channels::SecureRTMPChannel)#1
    authenticated = true
    channelSets = (Array)#2
      [0] (mx.messaging::ChannelSet)#3
        authenticated = true
        channelIds = (Array)#4
          [0] "my-rtmps"
        channels = (Array)#5
          [0] (mx.messaging.channels::SecureRTMPChannel)#1
        clustered = false
        connected = true
        currentChannel = (mx.messaging.channels::SecureRTMPChannel)#1
        heartbeatInterval = 0
        initialDestinationId = (null)
        messageAgents = (Array)#6
          [0] (mx.messaging::Consumer)#7
            authenticated = true
            channelSet = (mx.messaging::ChannelSet)#3
            clientId = "bc-38318437"
            connected = true
            destination = "messagingDestination"
            id = "AC759C63-95C1-6050-908A-635CBC262F3A"
            maxFrequency = 0
            requestTimeout = -1
            resubscribeAttempts = 5
            resubscribeInterval = 5000
            selector = ""
            subscribed = true
            subtopic = "bc"
            timestamp = 1320221983063
          [1] (mx.rpc::AsyncRequest)#8
            authenticated = true
            autoConnect = true
            channelSet = (mx.messaging::ChannelSet)#3
            clientId = "75957407-D839-4CAD-D4AD-59F913D96B74"
            connected = true
            defaultHeaders = (null)
            destination = "clientFacadeService"
            id = "FA48EEB7-B0AF-B78E-7395-635CBC269CB9"
            priority = -1
            reconnectAttempts = 0
            reconnectInterval = 0
            requestTimeout = 60
            subtopic = ""
          [2] (mx.rpc::AsyncRequest)#9
            authenticated = true
            autoConnect = true
            channelSet = (mx.messaging::ChannelSet)#3
            clientId = "75957470-D32D-651B-F0B8-F5A0658DCB0A"
            connected = true
            defaultHeaders = (null)
            destination = "matchmakerService"
            id = "67654BF4-93A5-7CD1-0AED-635CBC26A7EC"
            priority = -1
            reconnectAttempts = 0
            reconnectInterval = 0
            requestTimeout = 60
            subtopic = ""
          [3] (mx.rpc::AsyncRequest)#10
            authenticated = true
            autoConnect = true
            channelSet = (mx.messaging::ChannelSet)#3
            clientId = "75957BA6-870E-F8A4-BCA7-1D50EE4C6A53"
            connected = true
            defaultHeaders = (null)
            destination = "inventoryService"
            id = "5F08F9D9-D808-4369-6BF5-635CBF431AAF"
            priority = -1
            reconnectAttempts = 0
            reconnectInterval = 0
            requestTimeout = 60
            subtopic = ""
          [4] (mx.rpc::AsyncRequest)#11
            authenticated = true
            autoConnect = true
            channelSet = (mx.messaging::ChannelSet)#3
            clientId = "75957BB2-BC0E-D261-5DC4-A053A1116507"
            connected = true
            defaultHeaders = (null)
            destination = "inventoryService"
            id = "F65AA553-F67F-421D-CE01-635CBF522E0E"
            priority = -1
            reconnectAttempts = 0
            reconnectInterval = 0
            requestTimeout = 60
            subtopic = ""
          [5] (mx.rpc::AsyncRequest)#12
            authenticated = true
            autoConnect = true
            channelSet = (mx.messaging::ChannelSet)#3
            clientId = "75957BD9-CC0F-C420-1D6B-9D60A168E9B0"
            connected = true
            defaultHeaders = (null)
            destination = "summonerRuneService"
            id = "3594EBAB-6602-E679-3176-635CBF524440"
            priority = -1
            reconnectAttempts = 0
            reconnectInterval = 0
            requestTimeout = 60
            subtopic = ""
          [6] (mx.rpc::AsyncRequest)#13
            authenticated = true
            autoConnect = true
            channelSet = (mx.messaging::ChannelSet)#3
            clientId = "75957C31-B02D-C7BF-345F-412F6EC3E3DA"
            connected = true
            defaultHeaders = (null)
            destination = "matchmakerService"
            id = "6B528C24-D1ED-0CE0-B252-635CBF8101AD"
            priority = -1
            reconnectAttempts = 0
            reconnectInterval = 0
            requestTimeout = 60
            subtopic = ""
          [7] (mx.rpc::AsyncRequest)#14
            authenticated = true
            autoConnect = true
            channelSet = (mx.messaging::ChannelSet)#3
            clientId = "75957C84-B20C-3A03-0664-61C00BFD720F"
            connected = true
            defaultHeaders = (null)
            destination = "loginService"
            id = "8DEB6E65-2369-B0BB-7833-635CBFA11169"
            priority = -1
            reconnectAttempts = 0
            reconnectInterval = 0
            requestTimeout = 60
            subtopic = ""
          [8] (mx.rpc::AsyncRequest)#15
            authenticated = true
            autoConnect = true
            channelSet = (mx.messaging::ChannelSet)#3
            clientId = "7595AAF1-7618-F586-F653-CEFE08D6ACD2"
            connected = true
            defaultHeaders = (null)
            destination = "summonerService"
            id = "35F5810E-7280-6218-C346-635CD29C75FA"
            priority = -1
            reconnectAttempts = 0
            reconnectInterval = 0
            requestTimeout = 60
            subtopic = ""
          [9] (mx.rpc::AsyncRequest)#16
            authenticated = true
            autoConnect = true
            channelSet = (mx.messaging::ChannelSet)#3
            clientId = "7595B21A-F508-039D-00AA-878EBCF50981"
            connected = true
            defaultHeaders = (null)
            destination = "summonerService"
            id = "C60371F1-5445-23FC-3400-635CD59AE7C4"
            priority = -1
            reconnectAttempts = 0
            reconnectInterval = 0
            requestTimeout = 60
            subtopic = ""
          [10] (mx.rpc::AsyncRequest)#17
            authenticated = true
            autoConnect = true
            channelSet = (mx.messaging::ChannelSet)#3
            clientId = "7595BB3D-D31B-51F2-D3E3-C2FD91283666"
            connected = true
            defaultHeaders = (null)
            destination = "playerStatsService"
            id = "34E558B4-F545-1906-439D-635CD953A686"
            priority = -1
            reconnectAttempts = 0
            reconnectInterval = 0
            requestTimeout = 60
            subtopic = ""
          [11] (mx.rpc::AsyncRequest)#18
            authenticated = true
            autoConnect = true
            channelSet = (mx.messaging::ChannelSet)#3
            clientId = "7595BB47-970E-2EBB-27C8-B9E7BCD6049D"
            connected = true
            defaultHeaders = (null)
            destination = "playerStatsService"
            id = "BECA6B7C-A0AD-EA67-83CB-635CD9536087"
            priority = -1
            reconnectAttempts = 0
            reconnectInterval = 0
            requestTimeout = 60
            subtopic = ""
          [12] (mx.rpc::AsyncRequest)#19
            authenticated = true
            autoConnect = true
            channelSet = (mx.messaging::ChannelSet)#3
            clientId = "7595E20E-590E-B565-72E8-98461C7AB6A5"
            connected = true
            defaultHeaders = (null)
            destination = "playerStatsService"
            id = "62215489-4E5A-718E-77CC-635CE9310EBB"
            priority = -1
            reconnectAttempts = 0
            reconnectInterval = 0
            requestTimeout = 60
            subtopic = ""
          [13] (mx.rpc::AsyncRequest)#20
            authenticated = true
            autoConnect = true
            channelSet = (mx.messaging::ChannelSet)#3
            clientId = "7597D7BC-8608-EDB2-4E89-C181AC17184E"
            connected = true
            defaultHeaders = (null)
            destination = "loginService"
            id = "67BC3227-C76C-184D-C7EA-635DB701F17A"
            priority = -1
            reconnectAttempts = 0
            reconnectInterval = 0
            requestTimeout = 60
            subtopic = ""
    connected = true
    connectTimeout = -1
    enableSmallMessages = true
    endpoint = "rtmps://beta.lol.riotgames.com:2099"
    failoverURIs = (Array)#21
    id = "my-rtmps"
    mpiEnabled = false
    netConnection = (flash.net::NetConnection)#22
      client = (mx.messaging.channels::SecureRTMPChannel)#1
      connected = true
      connectedProxyType = "none"
      farID = ""
      farNonce = "0000000000000000000000000000000000000000000000000000000000000000"
      maxPeerConnections = 8
      nearID = ""
      nearNonce = "0000000000000000000000000000000000000000000000000000000000000000"
      objectEncoding = 3
      protocol = "rtmp"
      proxyType = "best"
      unconnectedPeerStreams = (Array)#23
      uri = "rtmps://beta.lol.riotgames.com:2099"
      usingTLS = true
    protocol = "rtmps"
    reconnecting = false
    recordMessageSizes = false
    recordMessageTimes = false
    requestTimeout = -1
    uri = "rtmps://beta.lol.riotgames.com:2099"
    url = "rtmps://beta.lol.riotgames.com:2099"
    useSmallMessages = true
  channelId = "my-rtmps"
  connected = false
  currentTarget = (mx.messaging::Consumer)#24
    authenticated = false
    channelSet = (mx.messaging::ChannelSet)#3
    clientId = "cn-38318437"
    connected = false
    destination = "messagingDestination"
    id = "80CA5733-EA79-0215-AB64-635CBC266BE6"
    maxFrequency = 0
    requestTimeout = -1
    resubscribeAttempts = 5
    resubscribeInterval = 5000
    selector = ""
    subscribed = false
    subtopic = "cn-38318437"
    timestamp = 1320221983056
  eventPhase = 2
  reconnecting = false
  rejected = false
  target = (mx.messaging::Consumer)#24
  type = "channelDisconnect"
11/2/2011 01:20:46.484 [DEBUG] com.riotgames.platform.gameclient.module.services.async.MessageRouterServiceImpl MessageRouter Channel Disconnected: (mx.messaging.events::ChannelEvent)#0
  bubbles = false
  cancelable = false
  channel = (mx.messaging.channels::SecureRTMPChannel)#1
    authenticated = true
    channelSets = (Array)#2
      [0] (mx.messaging::ChannelSet)#3
        authenticated = true
        channelIds = (Array)#4
          [0] "my-rtmps"
        channels = (Array)#5
          [0] (mx.messaging.channels::SecureRTMPChannel)#1
        clustered = false
        connected = true
        currentChannel = (mx.messaging.channels::SecureRTMPChannel)#1
        heartbeatInterval = 0
        initialDestinationId = (null)
        messageAgents = (Array)#6
          [0] (mx.rpc::AsyncRequest)#7
            authenticated = true
            autoConnect = true
            channelSet = (mx.messaging::ChannelSet)#3
            clientId = "75957407-D839-4CAD-D4AD-59F913D96B74"
            connected = true
            defaultHeaders = (null)
            destination = "clientFacadeService"
            id = "FA48EEB7-B0AF-B78E-7395-635CBC269CB9"
            priority = -1
            reconnectAttempts = 0
            reconnectInterval = 0
            requestTimeout = 60
            subtopic = ""
          [1] (mx.rpc::AsyncRequest)#8
            authenticated = true
            autoConnect = true
            channelSet = (mx.messaging::ChannelSet)#3
            clientId = "75957470-D32D-651B-F0B8-F5A0658DCB0A"
            connected = true
            defaultHeaders = (null)
            destination = "matchmakerService"
            id = "67654BF4-93A5-7CD1-0AED-635CBC26A7EC"
            priority = -1
            reconnectAttempts = 0
            reconnectInterval = 0
            requestTimeout = 60
            subtopic = ""
          [2] (mx.rpc::AsyncRequest)#9
            authenticated = true
            autoConnect = true
            channelSet = (mx.messaging::ChannelSet)#3
            clientId = "75957BA6-870E-F8A4-BCA7-1D50EE4C6A53"
            connected = true
            defaultHeaders = (null)
            destination = "inventoryService"
            id = "5F08F9D9-D808-4369-6BF5-635CBF431AAF"
            priority = -1
            reconnectAttempts = 0
            reconnectInterval = 0
            requestTimeout = 60
            subtopic = ""
          [3] (mx.rpc::AsyncRequest)#10
            authenticated = true
            autoConnect = true
            channelSet = (mx.messaging::ChannelSet)#3
            clientId = "75957BB2-BC0E-D261-5DC4-A053A1116507"
            connected = true
            defaultHeaders = (null)
            destination = "inventoryService"
            id = "F65AA553-F67F-421D-CE01-635CBF522E0E"
            priority = -1
            reconnectAttempts = 0
            reconnectInterval = 0
            requestTimeout = 60
            subtopic = ""
          [4] (mx.rpc::AsyncRequest)#11
            authenticated = true
            autoConnect = true
            channelSet = (mx.messaging::ChannelSet)#3
            clientId = "75957BD9-CC0F-C420-1D6B-9D60A168E9B0"
            connected = true
            defaultHeaders = (null)
            destination = "summonerRuneService"
            id = "3594EBAB-6602-E679-3176-635CBF524440"
            priority = -1
            reconnectAttempts = 0
            reconnectInterval = 0
            requestTimeout = 60
            subtopic = ""
          [5] (mx.rpc::AsyncRequest)#12
            authenticated = true
            autoConnect = true
            channelSet = (mx.messaging::ChannelSet)#3
            clientId = "75957C31-B02D-C7BF-345F-412F6EC3E3DA"
            connected = true
            defaultHeaders = (null)
            destination = "matchmakerService"
            id = "6B528C24-D1ED-0CE0-B252-635CBF8101AD"
            priority = -1
            reconnectAttempts = 0
            reconnectInterval = 0
            requestTimeout = 60
            subtopic = ""
          [6] (mx.rpc::AsyncRequest)#13
            authenticated = true
            autoConnect = true
            channelSet = (mx.messaging::ChannelSet)#3
            clientId = "75957C84-B20C-3A03-0664-61C00BFD720F"
            connected = true
            defaultHeaders = (null)
            destination = "loginService"
            id = "8DEB6E65-2369-B0BB-7833-635CBFA11169"
            priority = -1
            reconnectAttempts = 0
            reconnectInterval = 0
            requestTimeout = 60
            subtopic = ""
          [7] (mx.rpc::AsyncRequest)#14
            authenticated = true
            autoConnect = true
            channelSet = (mx.messaging::ChannelSet)#3
            clientId = "7595AAF1-7618-F586-F653-CEFE08D6ACD2"
            connected = true
            defaultHeaders = (null)
            destination = "summonerService"
            id = "35F5810E-7280-6218-C346-635CD29C75FA"
            priority = -1
            reconnectAttempts = 0
            reconnectInterval = 0
            requestTimeout = 60
            subtopic = ""
          [8] (mx.rpc::AsyncRequest)#15
            authenticated = true
            autoConnect = true
            channelSet = (mx.messaging::ChannelSet)#3
            clientId = "7595B21A-F508-039D-00AA-878EBCF50981"
            connected = true
            defaultHeaders = (null)
            destination = "summonerService"
            id = "C60371F1-5445-23FC-3400-635CD59AE7C4"
            priority = -1
            reconnectAttempts = 0
            reconnectInterval = 0
            requestTimeout = 60
            subtopic = ""
          [9] (mx.rpc::AsyncRequest)#16
            authenticated = true
            autoConnect = true
            channelSet = (mx.messaging::ChannelSet)#3
            clientId = "7595BB3D-D31B-51F2-D3E3-C2FD91283666"
            connected = true
            defaultHeaders = (null)
            destination = "playerStatsService"
            id = "34E558B4-F545-1906-439D-635CD953A686"
            priority = -1
            reconnectAttempts = 0
            reconnectInterval = 0
            requestTimeout = 60
            subtopic = ""
          [10] (mx.rpc::AsyncRequest)#17
            authenticated = true
            autoConnect = true
            channelSet = (mx.messaging::ChannelSet)#3
            clientId = "7595BB47-970E-2EBB-27C8-B9E7BCD6049D"
            connected = true
            defaultHeaders = (null)
            destination = "playerStatsService"
            id = "BECA6B7C-A0AD-EA67-83CB-635CD9536087"
            priority = -1
            reconnectAttempts = 0
            reconnectInterval = 0
            requestTimeout = 60
            subtopic = ""
          [11] (mx.rpc::AsyncRequest)#18
            authenticated = true
            autoConnect = true
            channelSet = (mx.messaging::ChannelSet)#3
            clientId = "7595E20E-590E-B565-72E8-98461C7AB6A5"
            connected = true
            defaultHeaders = (null)
            destination = "playerStatsService"
            id = "62215489-4E5A-718E-77CC-635CE9310EBB"
            priority = -1
            reconnectAttempts = 0
            reconnectInterval = 0
            requestTimeout = 60
            subtopic = ""
          [12] (mx.rpc::AsyncRequest)#19
            authenticated = true
            autoConnect = true
            channelSet = (mx.messaging::ChannelSet)#3
            clientId = "7597D7BC-8608-EDB2-4E89-C181AC17184E"
            connected = true
            defaultHeaders = (null)
            destination = "loginService"
            id = "67BC3227-C76C-184D-C7EA-635DB701F17A"
            priority = -1
            reconnectAttempts = 0
            reconnectInterval = 0
            requestTimeout = 60
            subtopic = ""
    connected = true
    connectTimeout = -1
    enableSmallMessages = true
    endpoint = "rtmps://beta.lol.riotgames.com:2099"
    failoverURIs = (Array)#20
    id = "my-rtmps"
    mpiEnabled = false
    netConnection = (flash.net::NetConnection)#21
      client = (mx.messaging.channels::SecureRTMPChannel)#1
      connected = true
      connectedProxyType = "none"
      farID = ""
      farNonce = "0000000000000000000000000000000000000000000000000000000000000000"
      maxPeerConnections = 8
      nearID = ""
      nearNonce = "0000000000000000000000000000000000000000000000000000000000000000"
      objectEncoding = 3
      protocol = "rtmp"
      proxyType = "best"
      unconnectedPeerStreams = (Array)#22
      uri = "rtmps://beta.lol.riotgames.com:2099"
      usingTLS = true
    protocol = "rtmps"
    reconnecting = false
    recordMessageSizes = false
    recordMessageTimes = false
    requestTimeout = -1
    uri = "rtmps://beta.lol.riotgames.com:2099"
    url = "rtmps://beta.lol.riotgames.com:2099"
    useSmallMessages = true
  channelId = "my-rtmps"
  connected = false
  currentTarget = (mx.messaging::Consumer)#23
    authenticated = false
    channelSet = (mx.messaging::ChannelSet)#3
    clientId = "bc-38318437"
    connected = false
    destination = "messagingDestination"
    id = "AC759C63-95C1-6050-908A-635CBC262F3A"
    maxFrequency = 0
    requestTimeout = -1
    resubscribeAttempts = 5
    resubscribeInterval = 5000
    selector = ""
    subscribed = false
    subtopic = "bc"
    timestamp = 1320221983063
  eventPhase = 2
  reconnecting = false
  rejected = false
  target = (mx.messaging::Consumer)#23
  type = "channelDisconnect"
11/2/2011 01:20:46.484 [DEBUG] com.riotgames.platform.gameclient.module.services.RemoteObjectGenerator ChannelSet Disconnected: [ChannelEvent channelId="my-rtmps" reconnecting=false rejected=false type="channelDisconnect" bubbles=false cancelable=false eventPhase=2]
11/2/2011 01:20:46.484 [DEBUG] com.riotgames.platform.gameclient.ApplicationController ApplicationController.onLCDSChannelDisconnect: LCDS channel has disconnected, disconnecting chat
11/2/2011 01:20:46.484 [INFO] ChannelSet.AuthenticationAgent '14D4FBA7-424F-8E0E-82F7-635CA33F4F14' authentication agent acknowledge of 'BD74157C-6652-EC54-8BDF-635DB8686B1F'.
11/2/2011 01:20:46.515 [INFO] LolClient onExiting...
11/2/2011 01:20:46.515 [DEBUG] com.riotgames.platform.gameclient.maestro.MaestroController MaestroController.addMessage: message=Sending quit message to maestro.

11/2/2011 01:20:46.515 [DEBUG] com.riotgames.platform.gameclient.module.services.maestro.MaestroServiceImpl Maestro.sendCloseRequest
11/2/2011 01:20:46.515 [DEBUG] com.riotgames.platform.common.utils.LogManager LogManager.cleanseLogDirectory: Deleting logs older than 5 day(s).
11/2/2011 01:20:46.625 [DEBUG] com.riotgames.platform.common.utils.LogManager LogManager.forEachLogFileIn: Could not find the directory [object File]
11/2/2011 01:20:46.703 [DEBUG] com.riotgames.platform.gameclient.ApplicationController Performing system garbage collection (Pass 1 of 2)...
