10/24/2011 23:00:31.046 [DEBUG] com.riotgames.platform.gameclient.module.services.RemoteObjectGenerator Got async message: (mx.messaging.messages::AsyncMessageExt)#0
  body = (com.riotgames.platform.gameclient.domain::EndOfGameStats)#1
    basePoints = 58
    boostIpEarned = 145
    boostXpEarned = 0
    completionBonusPoints = 0
    difficulty = (null)
    elo = 0
    eloChange = 0
    experienceEarned = 0
    experienceTotal = 115
    expPointsToNextLevel = 0
    firstWinBonus = 0
    gameId = 239424947
    gameLength = 1272
    gameMode = "CLASSIC"
    gameType = "MATCHED_GAME"
    imbalancedTeamsNoPoints = false
    invalid = false
10/24/2011 23:00:31.187 [DEBUG] com.riotgames.platform.gameclient.module.services.RemoteObjectGenerator Got async message: (mx.messaging.messages::AsyncMessageExt)#0
  body = (com.riotgames.platform.gameclient.domain.store::StoreAccountBalanceNotification)#1
    ip = 2168
    notificationType = "account_balance"
    rp = 148
  clientId = "cn-38318437"
  correlationId = ""
  destination = "messagingDestination"
  headers = (Object)#2
    DSSubtopic = "cn-38318437"
  messageId = "459c1325-0c93-41c2-8bef-d438dc82d80c"
  timestamp = 1319522427371
  timeToLive = 0
